Command line invocation:
    /Applications/Xcode.app/Contents/Developer/usr/bin/xcodebuild -project Lumo.xcodeproj -scheme Lumo -destination "platform=iOS Simulator,name=iPhone 16,OS=18.5" build

Resolve Package Graph


Resolved source packages:
  Supabase: https://github.com/supabase/supabase-swift @ 2.30.0
  swift-asn1: https://github.com/apple/swift-asn1.git @ 1.4.0
  swift-crypto: https://github.com/apple/swift-crypto.git @ 3.12.3
  swift-concurrency-extras: https://github.com/pointfreeco/swift-concurrency-extras @ 1.3.1
  swift-http-types: https://github.com/apple/swift-http-types.git @ 1.4.0
  swift-clocks: https://github.com/pointfreeco/swift-clocks @ 1.0.6
  xctest-dynamic-overlay: https://github.com/pointfreeco/xctest-dynamic-overlay @ 1.5.2

ComputePackagePrebuildTargetDependencyGraph

Prepare packages

CreateBuildRequest

SendProjectDescription

CreateBuildOperation

ComputeTargetDependencyGraph
note: Building targets in dependency order
note: Target dependency graph (27 targets)
    Target 'Lumo' in project 'Lumo'
        ➜ Explicit dependency on target 'PostgREST' in project 'Supabase'
        ➜ Explicit dependency on target 'Functions' in project 'Supabase'
        ➜ Explicit dependency on target 'Supabase' in project 'Supabase'
        ➜ Explicit dependency on target 'Auth' in project 'Supabase'
        ➜ Explicit dependency on target 'Storage' in project 'Supabase'
        ➜ Explicit dependency on target 'Realtime' in project 'Supabase'
    Target 'Realtime' in project 'Supabase'
        ➜ Explicit dependency on target 'Realtime' in project 'Supabase'
        ➜ Explicit dependency on target 'Helpers' in project 'Supabase'
        ➜ Explicit dependency on target 'ConcurrencyExtras' in project 'swift-concurrency-extras'
        ➜ Explicit dependency on target 'HTTPTypes' in project 'swift-http-types'
        ➜ Explicit dependency on target 'Clocks' in project 'swift-clocks'
        ➜ Explicit dependency on target 'XCTestDynamicOverlay' in project 'xctest-dynamic-overlay'
        ➜ Explicit dependency on target 'IssueReporting' in project 'xctest-dynamic-overlay'
    Target 'Storage' in project 'Supabase'
        ➜ Explicit dependency on target 'Storage' in project 'Supabase'
        ➜ Explicit dependency on target 'Helpers' in project 'Supabase'
        ➜ Explicit dependency on target 'ConcurrencyExtras' in project 'swift-concurrency-extras'
        ➜ Explicit dependency on target 'HTTPTypes' in project 'swift-http-types'
        ➜ Explicit dependency on target 'Clocks' in project 'swift-clocks'
        ➜ Explicit dependency on target 'XCTestDynamicOverlay' in project 'xctest-dynamic-overlay'
    Target 'Auth' in project 'Supabase'
        ➜ Explicit dependency on target 'Auth' in project 'Supabase'
        ➜ Explicit dependency on target 'Helpers' in project 'Supabase'
        ➜ Explicit dependency on target 'ConcurrencyExtras' in project 'swift-concurrency-extras'
        ➜ Explicit dependency on target 'HTTPTypes' in project 'swift-http-types'
        ➜ Explicit dependency on target 'Clocks' in project 'swift-clocks'
        ➜ Explicit dependency on target 'XCTestDynamicOverlay' in project 'xctest-dynamic-overlay'
        ➜ Explicit dependency on target 'Crypto' in project 'swift-crypto'
    Target 'Supabase' in project 'Supabase'
        ➜ Explicit dependency on target 'Supabase' in project 'Supabase'
        ➜ Explicit dependency on target 'Functions' in project 'Supabase'
        ➜ Explicit dependency on target 'PostgREST' in project 'Supabase'
        ➜ Explicit dependency on target 'Auth' in project 'Supabase'
        ➜ Explicit dependency on target 'Realtime' in project 'Supabase'
        ➜ Explicit dependency on target 'Storage' in project 'Supabase'
        ➜ Explicit dependency on target 'Helpers' in project 'Supabase'
        ➜ Explicit dependency on target 'ConcurrencyExtras' in project 'swift-concurrency-extras'
        ➜ Explicit dependency on target 'HTTPTypes' in project 'swift-http-types'
        ➜ Explicit dependency on target 'Clocks' in project 'swift-clocks'
        ➜ Explicit dependency on target 'XCTestDynamicOverlay' in project 'xctest-dynamic-overlay'
        ➜ Explicit dependency on target 'Crypto' in project 'swift-crypto'
        ➜ Explicit dependency on target 'IssueReporting' in project 'xctest-dynamic-overlay'
    Target 'Supabase' in project 'Supabase'
        ➜ Explicit dependency on target 'Helpers' in project 'Supabase'
        ➜ Explicit dependency on target 'Auth' in project 'Supabase'
        ➜ Explicit dependency on target 'Functions' in project 'Supabase'
        ➜ Explicit dependency on target 'PostgREST' in project 'Supabase'
        ➜ Explicit dependency on target 'Realtime' in project 'Supabase'
        ➜ Explicit dependency on target 'Storage' in project 'Supabase'
        ➜ Explicit dependency on target 'ConcurrencyExtras' in project 'swift-concurrency-extras'
        ➜ Explicit dependency on target 'HTTPTypes' in project 'swift-http-types'
        ➜ Explicit dependency on target 'Clocks' in project 'swift-clocks'
        ➜ Explicit dependency on target 'XCTestDynamicOverlay' in project 'xctest-dynamic-overlay'
        ➜ Explicit dependency on target 'Crypto' in project 'swift-crypto'
        ➜ Explicit dependency on target 'IssueReporting' in project 'xctest-dynamic-overlay'
    Target 'Storage' in project 'Supabase'
        ➜ Explicit dependency on target 'Helpers' in project 'Supabase'
        ➜ Explicit dependency on target 'ConcurrencyExtras' in project 'swift-concurrency-extras'
        ➜ Explicit dependency on target 'HTTPTypes' in project 'swift-http-types'
        ➜ Explicit dependency on target 'Clocks' in project 'swift-clocks'
        ➜ Explicit dependency on target 'XCTestDynamicOverlay' in project 'xctest-dynamic-overlay'
    Target 'Realtime' in project 'Supabase'
        ➜ Explicit dependency on target 'Helpers' in project 'Supabase'
        ➜ Explicit dependency on target 'ConcurrencyExtras' in project 'swift-concurrency-extras'
        ➜ Explicit dependency on target 'HTTPTypes' in project 'swift-http-types'
        ➜ Explicit dependency on target 'Clocks' in project 'swift-clocks'
        ➜ Explicit dependency on target 'XCTestDynamicOverlay' in project 'xctest-dynamic-overlay'
        ➜ Explicit dependency on target 'IssueReporting' in project 'xctest-dynamic-overlay'
    Target 'Auth' in project 'Supabase'
        ➜ Explicit dependency on target 'Helpers' in project 'Supabase'
        ➜ Explicit dependency on target 'ConcurrencyExtras' in project 'swift-concurrency-extras'
        ➜ Explicit dependency on target 'HTTPTypes' in project 'swift-http-types'
        ➜ Explicit dependency on target 'Clocks' in project 'swift-clocks'
        ➜ Explicit dependency on target 'XCTestDynamicOverlay' in project 'xctest-dynamic-overlay'
        ➜ Explicit dependency on target 'Crypto' in project 'swift-crypto'
    Target 'Crypto' in project 'swift-crypto'
        ➜ Explicit dependency on target 'Crypto' in project 'swift-crypto'
        ➜ Explicit dependency on target 'swift-crypto_Crypto' in project 'swift-crypto'
    Target 'Crypto' in project 'swift-crypto'
        ➜ Explicit dependency on target 'swift-crypto_Crypto' in project 'swift-crypto'
    Target 'swift-crypto_Crypto' in project 'swift-crypto' (no dependencies)
    Target 'Functions' in project 'Supabase'
        ➜ Explicit dependency on target 'Functions' in project 'Supabase'
        ➜ Explicit dependency on target 'Helpers' in project 'Supabase'
        ➜ Explicit dependency on target 'ConcurrencyExtras' in project 'swift-concurrency-extras'
        ➜ Explicit dependency on target 'HTTPTypes' in project 'swift-http-types'
        ➜ Explicit dependency on target 'Clocks' in project 'swift-clocks'
        ➜ Explicit dependency on target 'XCTestDynamicOverlay' in project 'xctest-dynamic-overlay'
    Target 'Functions' in project 'Supabase'
        ➜ Explicit dependency on target 'Helpers' in project 'Supabase'
        ➜ Explicit dependency on target 'ConcurrencyExtras' in project 'swift-concurrency-extras'
        ➜ Explicit dependency on target 'HTTPTypes' in project 'swift-http-types'
        ➜ Explicit dependency on target 'Clocks' in project 'swift-clocks'
        ➜ Explicit dependency on target 'XCTestDynamicOverlay' in project 'xctest-dynamic-overlay'
    Target 'PostgREST' in project 'Supabase'
        ➜ Explicit dependency on target 'PostgREST' in project 'Supabase'
        ➜ Explicit dependency on target 'Helpers' in project 'Supabase'
        ➜ Explicit dependency on target 'ConcurrencyExtras' in project 'swift-concurrency-extras'
        ➜ Explicit dependency on target 'HTTPTypes' in project 'swift-http-types'
        ➜ Explicit dependency on target 'Clocks' in project 'swift-clocks'
        ➜ Explicit dependency on target 'XCTestDynamicOverlay' in project 'xctest-dynamic-overlay'
    Target 'PostgREST' in project 'Supabase'
        ➜ Explicit dependency on target 'Helpers' in project 'Supabase'
        ➜ Explicit dependency on target 'ConcurrencyExtras' in project 'swift-concurrency-extras'
        ➜ Explicit dependency on target 'HTTPTypes' in project 'swift-http-types'
        ➜ Explicit dependency on target 'Clocks' in project 'swift-clocks'
        ➜ Explicit dependency on target 'XCTestDynamicOverlay' in project 'xctest-dynamic-overlay'
    Target 'Helpers' in project 'Supabase'
        ➜ Explicit dependency on target 'ConcurrencyExtras' in project 'swift-concurrency-extras'
        ➜ Explicit dependency on target 'HTTPTypes' in project 'swift-http-types'
        ➜ Explicit dependency on target 'Clocks' in project 'swift-clocks'
        ➜ Explicit dependency on target 'XCTestDynamicOverlay' in project 'xctest-dynamic-overlay'
    Target 'XCTestDynamicOverlay' in project 'xctest-dynamic-overlay'
        ➜ Explicit dependency on target 'XCTestDynamicOverlay' in project 'xctest-dynamic-overlay'
        ➜ Explicit dependency on target 'IssueReporting' in project 'xctest-dynamic-overlay'
    Target 'XCTestDynamicOverlay' in project 'xctest-dynamic-overlay'
        ➜ Explicit dependency on target 'IssueReporting' in project 'xctest-dynamic-overlay'
    Target 'Clocks' in project 'swift-clocks'
        ➜ Explicit dependency on target 'Clocks' in project 'swift-clocks'
        ➜ Explicit dependency on target 'ConcurrencyExtras' in project 'swift-concurrency-extras'
        ➜ Explicit dependency on target 'IssueReporting' in project 'xctest-dynamic-overlay'
    Target 'Clocks' in project 'swift-clocks'
        ➜ Explicit dependency on target 'ConcurrencyExtras' in project 'swift-concurrency-extras'
        ➜ Explicit dependency on target 'IssueReporting' in project 'xctest-dynamic-overlay'
    Target 'IssueReporting' in project 'xctest-dynamic-overlay'
        ➜ Explicit dependency on target 'IssueReporting' in project 'xctest-dynamic-overlay'
    Target 'IssueReporting' in project 'xctest-dynamic-overlay' (no dependencies)
    Target 'HTTPTypes' in project 'swift-http-types'
        ➜ Explicit dependency on target 'HTTPTypes' in project 'swift-http-types'
    Target 'HTTPTypes' in project 'swift-http-types' (no dependencies)
    Target 'ConcurrencyExtras' in project 'swift-concurrency-extras'
        ➜ Explicit dependency on target 'ConcurrencyExtras' in project 'swift-concurrency-extras'
    Target 'ConcurrencyExtras' in project 'swift-concurrency-extras' (no dependencies)

GatherProvisioningInputs

CreateBuildDescription

ClangStatCache /Applications/Xcode.app/Contents/Developer/Toolchains/XcodeDefault.xctoolchain/usr/bin/clang-stat-cache /Applications/Xcode.app/Contents/Developer/Platforms/iPhoneSimulator.platform/Developer/SDKs/iPhoneSimulator18.5.sdk /Users/ethanzhang/Library/Developer/Xcode/DerivedData/SDKStatCaches.noindex/iphonesimulator18.5-22F76-d5fc8ad4295d2ef488fb7d0f804ce0c4.sdkstatcache
    cd /Users/ethanzhang/Desktop/lumo/Lumo.xcodeproj
    /Applications/Xcode.app/Contents/Developer/Toolchains/XcodeDefault.xctoolchain/usr/bin/clang-stat-cache /Applications/Xcode.app/Contents/Developer/Platforms/iPhoneSimulator.platform/Developer/SDKs/iPhoneSimulator18.5.sdk -o /Users/ethanzhang/Library/Developer/Xcode/DerivedData/SDKStatCaches.noindex/iphonesimulator18.5-22F76-d5fc8ad4295d2ef488fb7d0f804ce0c4.sdkstatcache

note: Disabling hardened runtime with ad-hoc codesigning. (in target 'Lumo' from project 'Lumo')
warning: Skipping duplicate build file in Compile Sources build phase: /Users/ethanzhang/Desktop/lumo/Lumo/Preview Content/Preview Assets.xcassets (in target 'Lumo' from project 'Lumo')
warning: Skipping duplicate build file in Compile Sources build phase: /Users/ethanzhang/Desktop/lumo/Lumo/Preview Content/Preview Assets.xcassets (in target 'Lumo' from project 'Lumo')
SwiftDriver Lumo normal arm64 com.apple.xcode.tools.swift.compiler (in target 'Lumo' from project 'Lumo')
    cd /Users/ethanzhang/Desktop/lumo
    builtin-SwiftDriver -- /Applications/Xcode.app/Contents/Developer/Toolchains/XcodeDefault.xctoolchain/usr/bin/swiftc -module-name Lumo -Onone -enforce-exclusivity\=checked @/Users/ethanzhang/Library/Developer/Xcode/DerivedData/Lumo-dtanwbtidvymrfcnqjacqjqbrhak/Build/Intermediates.noindex/Lumo.build/Debug-iphonesimulator/Lumo.build/Objects-normal/arm64/Lumo.SwiftFileList -DDEBUG -enable-bare-slash-regex -enable-experimental-feature DebugDescriptionMacro -sdk /Applications/Xcode.app/Contents/Developer/Platforms/iPhoneSimulator.platform/Developer/SDKs/iPhoneSimulator18.5.sdk -target arm64-apple-ios17.5-simulator -g -module-cache-path /Users/ethanzhang/Library/Developer/Xcode/DerivedData/ModuleCache.noindex -Xfrontend -serialize-debugging-options -profile-coverage-mapping -profile-generate -enable-testing -index-store-path /Users/ethanzhang/Library/Developer/Xcode/DerivedData/Lumo-dtanwbtidvymrfcnqjacqjqbrhak/Index.noindex/DataStore -swift-version 5 -I /Users/ethanzhang/Library/Developer/Xcode/DerivedData/Lumo-dtanwbtidvymrfcnqjacqjqbrhak/Build/Products/Debug-iphonesimulator -F /Users/ethanzhang/Library/Developer/Xcode/DerivedData/Lumo-dtanwbtidvymrfcnqjacqjqbrhak/Build/Products/Debug-iphonesimulator/PackageFrameworks -F /Users/ethanzhang/Library/Developer/Xcode/DerivedData/Lumo-dtanwbtidvymrfcnqjacqjqbrhak/Build/Products/Debug-iphonesimulator/PackageFrameworks -F /Users/ethanzhang/Library/Developer/Xcode/DerivedData/Lumo-dtanwbtidvymrfcnqjacqjqbrhak/Build/Products/Debug-iphonesimulator/PackageFrameworks -F /Users/ethanzhang/Library/Developer/Xcode/DerivedData/Lumo-dtanwbtidvymrfcnqjacqjqbrhak/Build/Products/Debug-iphonesimulator/PackageFrameworks -F /Users/ethanzhang/Library/Developer/Xcode/DerivedData/Lumo-dtanwbtidvymrfcnqjacqjqbrhak/Build/Products/Debug-iphonesimulator/PackageFrameworks -F /Users/ethanzhang/Library/Developer/Xcode/DerivedData/Lumo-dtanwbtidvymrfcnqjacqjqbrhak/Build/Products/Debug-iphonesimulator/PackageFrameworks -F /Users/ethanzhang/Library/Developer/Xcode/DerivedData/Lumo-dtanwbtidvymrfcnqjacqjqbrhak/Build/Products/Debug-iphonesimulator/PackageFrameworks -F /Users/ethanzhang/Library/Developer/Xcode/DerivedData/Lumo-dtanwbtidvymrfcnqjacqjqbrhak/Build/Products/Debug-iphonesimulator/PackageFrameworks -F /Users/ethanzhang/Library/Developer/Xcode/DerivedData/Lumo-dtanwbtidvymrfcnqjacqjqbrhak/Build/Products/Debug-iphonesimulator/PackageFrameworks -F /Users/ethanzhang/Library/Developer/Xcode/DerivedData/Lumo-dtanwbtidvymrfcnqjacqjqbrhak/Build/Products/Debug-iphonesimulator/PackageFrameworks -F /Users/ethanzhang/Library/Developer/Xcode/DerivedData/Lumo-dtanwbtidvymrfcnqjacqjqbrhak/Build/Products/Debug-iphonesimulator/PackageFrameworks -F /Users/ethanzhang/Library/Developer/Xcode/DerivedData/Lumo-dtanwbtidvymrfcnqjacqjqbrhak/Build/Products/Debug-iphonesimulator/PackageFrameworks -F /Users/ethanzhang/Library/Developer/Xcode/DerivedData/Lumo-dtanwbtidvymrfcnqjacqjqbrhak/Build/Products/Debug-iphonesimulator/PackageFrameworks -F /Users/ethanzhang/Library/Developer/Xcode/DerivedData/Lumo-dtanwbtidvymrfcnqjacqjqbrhak/Build/Products/Debug-iphonesimulator -emit-localized-strings -emit-localized-strings-path /Users/ethanzhang/Library/Developer/Xcode/DerivedData/Lumo-dtanwbtidvymrfcnqjacqjqbrhak/Build/Intermediates.noindex/Lumo.build/Debug-iphonesimulator/Lumo.build/Objects-normal/arm64 -c -j12 -enable-batch-mode -incremental -Xcc -ivfsstatcache -Xcc /Users/ethanzhang/Library/Developer/Xcode/DerivedData/SDKStatCaches.noindex/iphonesimulator18.5-22F76-d5fc8ad4295d2ef488fb7d0f804ce0c4.sdkstatcache -output-file-map /Users/ethanzhang/Library/Developer/Xcode/DerivedData/Lumo-dtanwbtidvymrfcnqjacqjqbrhak/Build/Intermediates.noindex/Lumo.build/Debug-iphonesimulator/Lumo.build/Objects-normal/arm64/Lumo-OutputFileMap.json -use-frontend-parseable-output -save-temps -no-color-diagnostics -serialize-diagnostics -emit-dependencies -emit-module -emit-module-path /Users/ethanzhang/Library/Developer/Xcode/DerivedData/Lumo-dtanwbtidvymrfcnqjacqjqbrhak/Build/Intermediates.noindex/Lumo.build/Debug-iphonesimulator/Lumo.build/Objects-normal/arm64/Lumo.swiftmodule -validate-clang-modules-once -clang-build-session-file /Users/ethanzhang/Library/Developer/Xcode/DerivedData/ModuleCache.noindex/Session.modulevalidation -Xcc -I/Users/ethanzhang/Library/Developer/Xcode/DerivedData/Lumo-dtanwbtidvymrfcnqjacqjqbrhak/Build/Intermediates.noindex/Lumo.build/Debug-iphonesimulator/Lumo.build/swift-overrides.hmap -emit-const-values -Xfrontend -const-gather-protocols-file -Xfrontend /Users/ethanzhang/Library/Developer/Xcode/DerivedData/Lumo-dtanwbtidvymrfcnqjacqjqbrhak/Build/Intermediates.noindex/Lumo.build/Debug-iphonesimulator/Lumo.build/Objects-normal/arm64/Lumo_const_extract_protocols.json -Xcc -iquote -Xcc /Users/ethanzhang/Library/Developer/Xcode/DerivedData/Lumo-dtanwbtidvymrfcnqjacqjqbrhak/Build/Intermediates.noindex/Lumo.build/Debug-iphonesimulator/Lumo.build/Lumo-generated-files.hmap -Xcc -I/Users/ethanzhang/Library/Developer/Xcode/DerivedData/Lumo-dtanwbtidvymrfcnqjacqjqbrhak/Build/Intermediates.noindex/Lumo.build/Debug-iphonesimulator/Lumo.build/Lumo-own-target-headers.hmap -Xcc -I/Users/ethanzhang/Library/Developer/Xcode/DerivedData/Lumo-dtanwbtidvymrfcnqjacqjqbrhak/Build/Intermediates.noindex/Lumo.build/Debug-iphonesimulator/Lumo.build/Lumo-all-non-framework-target-headers.hmap -Xcc -ivfsoverlay -Xcc /Users/ethanzhang/Library/Developer/Xcode/DerivedData/Lumo-dtanwbtidvymrfcnqjacqjqbrhak/Build/Intermediates.noindex/Lumo.build/Debug-iphonesimulator/Lumo-68368ce3e92784c920e404bc4850370a-VFS-iphonesimulator/all-product-headers.yaml -Xcc -iquote -Xcc /Users/ethanzhang/Library/Developer/Xcode/DerivedData/Lumo-dtanwbtidvymrfcnqjacqjqbrhak/Build/Intermediates.noindex/Lumo.build/Debug-iphonesimulator/Lumo.build/Lumo-project-headers.hmap -Xcc -I/Users/ethanzhang/Library/Developer/Xcode/DerivedData/Lumo-dtanwbtidvymrfcnqjacqjqbrhak/Build/Products/Debug-iphonesimulator/include -Xcc -I/Users/ethanzhang/Library/Developer/Xcode/DerivedData/Lumo-dtanwbtidvymrfcnqjacqjqbrhak/Build/Intermediates.noindex/Lumo.build/Debug-iphonesimulator/Lumo.build/DerivedSources-normal/arm64 -Xcc -I/Users/ethanzhang/Library/Developer/Xcode/DerivedData/Lumo-dtanwbtidvymrfcnqjacqjqbrhak/Build/Intermediates.noindex/Lumo.build/Debug-iphonesimulator/Lumo.build/DerivedSources/arm64 -Xcc -I/Users/ethanzhang/Library/Developer/Xcode/DerivedData/Lumo-dtanwbtidvymrfcnqjacqjqbrhak/Build/Intermediates.noindex/Lumo.build/Debug-iphonesimulator/Lumo.build/DerivedSources -Xcc -DDEBUG\=1 -emit-objc-header -emit-objc-header-path /Users/ethanzhang/Library/Developer/Xcode/DerivedData/Lumo-dtanwbtidvymrfcnqjacqjqbrhak/Build/Intermediates.noindex/Lumo.build/Debug-iphonesimulator/Lumo.build/Objects-normal/arm64/Lumo-Swift.h -working-directory /Users/ethanzhang/Desktop/lumo -experimental-emit-module-separately -disable-cmo

CompileAssetCatalogVariant thinned /Users/ethanzhang/Library/Developer/Xcode/DerivedData/Lumo-dtanwbtidvymrfcnqjacqjqbrhak/Build/Products/Debug-iphonesimulator/Lumo.app /Users/ethanzhang/Desktop/lumo/Lumo/Preview\ Content/Preview\ Assets.xcassets /Users/ethanzhang/Desktop/lumo/Lumo/Assets.xcassets (in target 'Lumo' from project 'Lumo')
    cd /Users/ethanzhang/Desktop/lumo
    /Applications/Xcode.app/Contents/Developer/usr/bin/actool /Users/ethanzhang/Desktop/lumo/Lumo/Preview\ Content/Preview\ Assets.xcassets /Users/ethanzhang/Desktop/lumo/Lumo/Assets.xcassets --compile /Users/ethanzhang/Library/Developer/Xcode/DerivedData/Lumo-dtanwbtidvymrfcnqjacqjqbrhak/Build/Intermediates.noindex/Lumo.build/Debug-iphonesimulator/Lumo.build/assetcatalog_output/thinned --output-format human-readable-text --notices --warnings --export-dependency-info /Users/ethanzhang/Library/Developer/Xcode/DerivedData/Lumo-dtanwbtidvymrfcnqjacqjqbrhak/Build/Intermediates.noindex/Lumo.build/Debug-iphonesimulator/Lumo.build/assetcatalog_dependencies_thinned --output-partial-info-plist /Users/ethanzhang/Library/Developer/Xcode/DerivedData/Lumo-dtanwbtidvymrfcnqjacqjqbrhak/Build/Intermediates.noindex/Lumo.build/Debug-iphonesimulator/Lumo.build/assetcatalog_generated_info.plist_thinned --app-icon AppIcon --include-all-app-icons --accent-color AccentColor --compress-pngs --enable-on-demand-resources YES --filter-for-thinning-device-configuration iPhone17,3 --filter-for-device-os-version 18.5 --development-region en --target-device iphone --minimum-deployment-target 17.5 --platform iphonesimulator
/* com.apple.actool.compilation-results */
/Users/ethanzhang/Library/Developer/Xcode/DerivedData/Lumo-dtanwbtidvymrfcnqjacqjqbrhak/Build/Intermediates.noindex/Lumo.build/Debug-iphonesimulator/Lumo.build/assetcatalog_generated_info.plist_thinned
/Users/ethanzhang/Library/Developer/Xcode/DerivedData/Lumo-dtanwbtidvymrfcnqjacqjqbrhak/Build/Intermediates.noindex/Lumo.build/Debug-iphonesimulator/Lumo.build/assetcatalog_output/thinned/AppIcon60x60@2x.png
/Users/ethanzhang/Library/Developer/Xcode/DerivedData/Lumo-dtanwbtidvymrfcnqjacqjqbrhak/Build/Intermediates.noindex/Lumo.build/Debug-iphonesimulator/Lumo.build/assetcatalog_output/thinned/AppIcon76x76@2x~ipad.png
/Users/ethanzhang/Library/Developer/Xcode/DerivedData/Lumo-dtanwbtidvymrfcnqjacqjqbrhak/Build/Intermediates.noindex/Lumo.build/Debug-iphonesimulator/Lumo.build/assetcatalog_output/thinned/Assets.car


SwiftCompile normal arm64 Compiling\ ExploreSections.swift,\ ExploreView.swift,\ GroceryListView.swift,\ StoreMap.swift,\ ContentView.swift /Users/ethanzhang/Desktop/lumo/Lumo/ExploreSections.swift /Users/ethanzhang/Desktop/lumo/Lumo/ExploreView.swift /Users/ethanzhang/Desktop/lumo/Lumo/GroceryListView.swift /Users/ethanzhang/Desktop/lumo/Lumo/StoreMap.swift /Users/ethanzhang/Desktop/lumo/Lumo/ContentView.swift (in target 'Lumo' from project 'Lumo')
SwiftCompile normal arm64 /Users/ethanzhang/Desktop/lumo/Lumo/ExploreSections.swift (in target 'Lumo' from project 'Lumo')
    cd /Users/ethanzhang/Desktop/lumo
    

SwiftCompile normal arm64 /Users/ethanzhang/Desktop/lumo/Lumo/ExploreView.swift (in target 'Lumo' from project 'Lumo')
    cd /Users/ethanzhang/Desktop/lumo
    

SwiftCompile normal arm64 /Users/ethanzhang/Desktop/lumo/Lumo/GroceryListView.swift (in target 'Lumo' from project 'Lumo')
    cd /Users/ethanzhang/Desktop/lumo
    

SwiftCompile normal arm64 /Users/ethanzhang/Desktop/lumo/Lumo/StoreMap.swift (in target 'Lumo' from project 'Lumo')
    cd /Users/ethanzhang/Desktop/lumo
    

SwiftCompile normal arm64 /Users/ethanzhang/Desktop/lumo/Lumo/ContentView.swift (in target 'Lumo' from project 'Lumo')
    cd /Users/ethanzhang/Desktop/lumo
    

SwiftCompile normal arm64 Compiling\ LoginView.swift,\ Root.swift,\ ShoppingHistoryView.swift,\ GroceryList.swift,\ FlyToCartOverlay.swift /Users/ethanzhang/Desktop/lumo/Lumo/LoginView.swift /Users/ethanzhang/Desktop/lumo/Lumo/Root.swift /Users/ethanzhang/Desktop/lumo/Lumo/ShoppingHistoryView.swift /Users/ethanzhang/Desktop/lumo/Lumo/GroceryList.swift /Users/ethanzhang/Desktop/lumo/Lumo/FlyToCartOverlay.swift (in target 'Lumo' from project 'Lumo')

SwiftCompile normal arm64 /Users/ethanzhang/Desktop/lumo/Lumo/LoginView.swift (in target 'Lumo' from project 'Lumo')
    cd /Users/ethanzhang/Desktop/lumo
    

SwiftCompile normal arm64 /Users/ethanzhang/Desktop/lumo/Lumo/Root.swift (in target 'Lumo' from project 'Lumo')
    cd /Users/ethanzhang/Desktop/lumo
    

SwiftCompile normal arm64 /Users/ethanzhang/Desktop/lumo/Lumo/ShoppingHistoryView.swift (in target 'Lumo' from project 'Lumo')
    cd /Users/ethanzhang/Desktop/lumo
    

SwiftCompile normal arm64 /Users/ethanzhang/Desktop/lumo/Lumo/GroceryList.swift (in target 'Lumo' from project 'Lumo')
    cd /Users/ethanzhang/Desktop/lumo
    

SwiftCompile normal arm64 /Users/ethanzhang/Desktop/lumo/Lumo/FlyToCartOverlay.swift (in target 'Lumo' from project 'Lumo')
    cd /Users/ethanzhang/Desktop/lumo
    

SwiftCompile normal arm64 Compiling\ StoreData.swift,\ Browse.swift,\ AppState.swift,\ MealPlanningView.swift,\ LumoApp.swift /Users/ethanzhang/Desktop/lumo/Lumo/StoreData.swift /Users/ethanzhang/Desktop/lumo/Lumo/Browse.swift /Users/ethanzhang/Desktop/lumo/Lumo/AppState.swift /Users/ethanzhang/Desktop/lumo/Lumo/MealPlanningView.swift /Users/ethanzhang/Desktop/lumo/Lumo/LumoApp.swift (in target 'Lumo' from project 'Lumo')
SwiftCompile normal arm64 /Users/ethanzhang/Desktop/lumo/Lumo/StoreData.swift (in target 'Lumo' from project 'Lumo')
    cd /Users/ethanzhang/Desktop/lumo
    

SwiftCompile normal arm64 /Users/ethanzhang/Desktop/lumo/Lumo/Browse.swift (in target 'Lumo' from project 'Lumo')
    cd /Users/ethanzhang/Desktop/lumo
    

SwiftCompile normal arm64 /Users/ethanzhang/Desktop/lumo/Lumo/AppState.swift (in target 'Lumo' from project 'Lumo')
    cd /Users/ethanzhang/Desktop/lumo
    

SwiftCompile normal arm64 /Users/ethanzhang/Desktop/lumo/Lumo/MealPlanningView.swift (in target 'Lumo' from project 'Lumo')
    cd /Users/ethanzhang/Desktop/lumo
    

SwiftCompile normal arm64 /Users/ethanzhang/Desktop/lumo/Lumo/LumoApp.swift (in target 'Lumo' from project 'Lumo')
    cd /Users/ethanzhang/Desktop/lumo
    

SwiftCompile normal arm64 Compiling\ TabView.swift,\ ApiKeyManager.swift,\ GroceryItems.swift,\ StoreSelection.swift /Users/ethanzhang/Desktop/lumo/Lumo/TabView.swift /Users/ethanzhang/Desktop/lumo/Lumo/ApiKeyManager.swift /Users/ethanzhang/Desktop/lumo/Lumo/GroceryItems.swift /Users/ethanzhang/Desktop/lumo/Lumo/StoreSelection.swift (in target 'Lumo' from project 'Lumo')
Failed frontend command:
/Applications/Xcode.app/Contents/Developer/Toolchains/XcodeDefault.xctoolchain/usr/bin/swift-frontend -frontend -c /Users/ethanzhang/Desktop/lumo/Lumo/ExploreSections.swift /Users/ethanzhang/Desktop/lumo/Lumo/ExploreView.swift /Users/ethanzhang/Desktop/lumo/Lumo/GroceryListView.swift /Users/ethanzhang/Desktop/lumo/Lumo/StoreMap.swift /Users/ethanzhang/Desktop/lumo/Lumo/ContentView.swift /Users/ethanzhang/Desktop/lumo/Lumo/StoreData.swift /Users/ethanzhang/Desktop/lumo/Lumo/Browse.swift /Users/ethanzhang/Desktop/lumo/Lumo/AppState.swift /Users/ethanzhang/Desktop/lumo/Lumo/MealPlanningView.swift /Users/ethanzhang/Desktop/lumo/Lumo/LumoApp.swift /Users/ethanzhang/Desktop/lumo/Lumo/LoginView.swift /Users/ethanzhang/Desktop/lumo/Lumo/Root.swift /Users/ethanzhang/Desktop/lumo/Lumo/ShoppingHistoryView.swift /Users/ethanzhang/Desktop/lumo/Lumo/GroceryList.swift /Users/ethanzhang/Desktop/lumo/Lumo/FlyToCartOverlay.swift -primary-file /Users/ethanzhang/Desktop/lumo/Lumo/TabView.swift -primary-file /Users/ethanzhang/Desktop/lumo/Lumo/ApiKeyManager.swift -primary-file /Users/ethanzhang/Desktop/lumo/Lumo/GroceryItems.swift -primary-file /Users/ethanzhang/Desktop/lumo/Lumo/StoreSelection.swift /Users/ethanzhang/Desktop/lumo/Lumo/DietaryGoalsView.swift /Users/ethanzhang/Desktop/lumo/Lumo/AddMealView.swift /Users/ethanzhang/Desktop/lumo/Lumo/NutritionAnalysisView.swift /Users/ethanzhang/Desktop/lumo/Lumo/GeneratedGroceryListView.swift /Users/ethanzhang/Desktop/lumo/Lumo/MealPlanManager.swift /Users/ethanzhang/Desktop/lumo/Lumo/AuthViewModel.swift /Users/ethanzhang/Desktop/lumo/Lumo/SupbaseManager.swift /Users/ethanzhang/Desktop/lumo/Lumo/StoreFinder.swift /Users/ethanzhang/Desktop/lumo/Lumo/ItemDetailView.swift /Users/ethanzhang/Desktop/lumo/Lumo/StoreLocationView.swift /Users/ethanzhang/Desktop/lumo/Lumo/SmartSubstitutionManager.swift /Users/ethanzhang/Desktop/lumo/Lumo/ProfileView.swift /Users/ethanzhang/Desktop/lumo/Lumo/DealsView.swift /Users/ethanzhang/Desktop/lumo/Lumo/DealFiltersView.swift /Users/ethanzhang/Desktop/lumo/Lumo/DealDetailView.swift /Users/ethanzhang/Desktop/lumo/Lumo/CouponDetailView.swift /Users/ethanzhang/Desktop/lumo/Lumo/CreateAccountView.swift /Users/ethanzhang/Desktop/lumo/Lumo/DealsData.swift /Users/ethanzhang/Desktop/lumo/Lumo/FlyToCartAnimationManager.swift /Users/ethanzhang/Desktop/lumo/Lumo/InventoryData.swift /Users/ethanzhang/Desktop/lumo/Lumo/SuggestionEngine.swift /Users/ethanzhang/Desktop/lumo/Lumo/SharedListManager.swift /Users/ethanzhang/Desktop/lumo/Lumo/SpoonacularService.swift /Users/ethanzhang/Desktop/lumo/Lumo/OnboardingView.swift /Users/ethanzhang/Desktop/lumo/Lumo/SpoonacularRecipeView.swift /Users/ethanzhang/Desktop/lumo/Lumo/PantryManager.swift /Users/ethanzhang/Desktop/lumo/Lumo/BudgetManager.swift /Users/ethanzhang/Desktop/lumo/Lumo/CategoryFilterButton.swift /Users/ethanzhang/Desktop/lumo/Lumo/SmartSubstitutionsView.swift /Users/ethanzhang/Desktop/lumo/Lumo/ChatbotView.swift /Users/ethanzhang/Desktop/lumo/Lumo/ChatMessage.swift /Users/ethanzhang/Desktop/lumo/Lumo/ChatbotEngine.swift /Users/ethanzhang/Desktop/lumo/Lumo/ChatResponseViews.swift /Users/ethanzhang/Desktop/lumo/Lumo/Recipe.swift /Users/ethanzhang/Desktop/lumo/Lumo/RecipeDatabase.swift /Users/ethanzhang/Desktop/lumo/Lumo/TemplateViews.swift /Users/ethanzhang/Desktop/lumo/Lumo/AutoFillView.swift /Users/ethanzhang/Desktop/lumo/Lumo/SmartMealPlanGenerator.swift /Users/ethanzhang/Desktop/lumo/Lumo/RouteOptimizationManager.swift /Users/ethanzhang/Desktop/lumo/Lumo/StoreMapView.swift /Users/ethanzhang/Desktop/lumo/Lumo/TurnByTurnNavigationView.swift /Users/ethanzhang/Library/Developer/Xcode/DerivedData/Lumo-dtanwbtidvymrfcnqjacqjqbrhak/Build/Intermediates.noindex/Lumo.build/Debug-iphonesimulator/Lumo.build/DerivedSources/GeneratedAssetSymbols.swift -supplementary-output-file-map /Users/ethanzhang/Library/Developer/Xcode/DerivedData/Lumo-dtanwbtidvymrfcnqjacqjqbrhak/Build/Intermediates.noindex/Lumo.build/Debug-iphonesimulator/Lumo.build/Objects-normal/arm64/supplementaryOutputs-4 -emit-localized-strings -emit-localized-strings-path /Users/ethanzhang/Library/Developer/Xcode/DerivedData/Lumo-dtanwbtidvymrfcnqjacqjqbrhak/Build/Intermediates.noindex/Lumo.build/Debug-iphonesimulator/Lumo.build/Objects-normal/arm64 -target arm64-apple-ios17.5-simulator -Xllvm -aarch64-use-tbi -enable-objc-interop -sdk /Applications/Xcode.app/Contents/Developer/Platforms/iPhoneSimulator.platform/Developer/SDKs/iPhoneSimulator18.5.sdk -I /Users/ethanzhang/Library/Developer/Xcode/DerivedData/Lumo-dtanwbtidvymrfcnqjacqjqbrhak/Build/Products/Debug-iphonesimulator -F /Users/ethanzhang/Library/Developer/Xcode/DerivedData/Lumo-dtanwbtidvymrfcnqjacqjqbrhak/Build/Products/Debug-iphonesimulator/PackageFrameworks -F /Users/ethanzhang/Library/Developer/Xcode/DerivedData/Lumo-dtanwbtidvymrfcnqjacqjqbrhak/Build/Products/Debug-iphonesimulator/PackageFrameworks -F /Users/ethanzhang/Library/Developer/Xcode/DerivedData/Lumo-dtanwbtidvymrfcnqjacqjqbrhak/Build/Products/Debug-iphonesimulator/PackageFrameworks -F /Users/ethanzhang/Library/Developer/Xcode/DerivedData/Lumo-dtanwbtidvymrfcnqjacqjqbrhak/Build/Products/Debug-iphonesimulator/PackageFrameworks -F /Users/ethanzhang/Library/Developer/Xcode/DerivedData/Lumo-dtanwbtidvymrfcnqjacqjqbrhak/Build/Products/Debug-iphonesimulator/PackageFrameworks -F /Users/ethanzhang/Library/Developer/Xcode/DerivedData/Lumo-dtanwbtidvymrfcnqjacqjqbrhak/Build/Products/Debug-iphonesimulator/PackageFrameworks -F /Users/ethanzhang/Library/Developer/Xcode/DerivedData/Lumo-dtanwbtidvymrfcnqjacqjqbrhak/Build/Products/Debug-iphonesimulator/PackageFrameworks -F /Users/ethanzhang/Library/Developer/Xcode/DerivedData/Lumo-dtanwbtidvymrfcnqjacqjqbrhak/Build/Products/Debug-iphonesimulator/PackageFrameworks -F /Users/ethanzhang/Library/Developer/Xcode/DerivedData/Lumo-dtanwbtidvymrfcnqjacqjqbrhak/Build/Products/Debug-iphonesimulator/PackageFrameworks -F /Users/ethanzhang/Library/Developer/Xcode/DerivedData/Lumo-dtanwbtidvymrfcnqjacqjqbrhak/Build/Products/Debug-iphonesimulator/PackageFrameworks -F /Users/ethanzhang/Library/Developer/Xcode/DerivedData/Lumo-dtanwbtidvymrfcnqjacqjqbrhak/Build/Products/Debug-iphonesimulator/PackageFrameworks -F /Users/ethanzhang/Library/Developer/Xcode/DerivedData/Lumo-dtanwbtidvymrfcnqjacqjqbrhak/Build/Products/Debug-iphonesimulator/PackageFrameworks -F /Users/ethanzhang/Library/Developer/Xcode/DerivedData/Lumo-dtanwbtidvymrfcnqjacqjqbrhak/Build/Products/Debug-iphonesimulator/PackageFrameworks -F /Users/ethanzhang/Library/Developer/Xcode/DerivedData/Lumo-dtanwbtidvymrfcnqjacqjqbrhak/Build/Products/Debug-iphonesimulator -no-color-diagnostics -enable-testing -g -debug-info-format\=dwarf -dwarf-version\=4 -module-cache-path /Users/ethanzhang/Library/Developer/Xcode/DerivedData/ModuleCache.noindex -profile-generate -profile-coverage-mapping -swift-version 5 -enforce-exclusivity\=checked -Onone -D DEBUG -serialize-debugging-options -const-gather-protocols-file /Users/ethanzhang/Library/Developer/Xcode/DerivedData/Lumo-dtanwbtidvymrfcnqjacqjqbrhak/Build/Intermediates.noindex/Lumo.build/Debug-iphonesimulator/Lumo.build/Objects-normal/arm64/Lumo_const_extract_protocols.json -enable-experimental-feature DebugDescriptionMacro -enable-bare-slash-regex -empty-abi-descriptor -validate-clang-modules-once -clang-build-session-file /Users/ethanzhang/Library/Developer/Xcode/DerivedData/ModuleCache.noindex/Session.modulevalidation -Xcc -working-directory -Xcc /Users/ethanzhang/Desktop/lumo -resource-dir /Applications/Xcode.app/Contents/Developer/Toolchains/XcodeDefault.xctoolchain/usr/lib/swift -enable-anonymous-context-mangled-names -file-compilation-dir /Users/ethanzhang/Desktop/lumo -Xcc -ivfsstatcache -Xcc /Users/ethanzhang/Library/Developer/Xcode/DerivedData/SDKStatCaches.noindex/iphonesimulator18.5-22F76-d5fc8ad4295d2ef488fb7d0f804ce0c4.sdkstatcache -Xcc -I/Users/ethanzhang/Library/Developer/Xcode/DerivedData/Lumo-dtanwbtidvymrfcnqjacqjqbrhak/Build/Intermediates.noindex/Lumo.build/Debug-iphonesimulator/Lumo.build/swift-overrides.hmap -Xcc -iquote -Xcc /Users/ethanzhang/Library/Developer/Xcode/DerivedData/Lumo-dtanwbtidvymrfcnqjacqjqbrhak/Build/Intermediates.noindex/Lumo.build/Debug-iphonesimulator/Lumo.build/Lumo-generated-files.hmap -Xcc -I/Users/ethanzhang/Library/Developer/Xcode/DerivedData/Lumo-dtanwbtidvymrfcnqjacqjqbrhak/Build/Intermediates.noindex/Lumo.build/Debug-iphonesimulator/Lumo.build/Lumo-own-target-headers.hmap -Xcc -I/Users/ethanzhang/Library/Developer/Xcode/DerivedData/Lumo-dtanwbtidvymrfcnqjacqjqbrhak/Build/Intermediates.noindex/Lumo.build/Debug-iphonesimulator/Lumo.build/Lumo-all-non-framework-target-headers.hmap -Xcc -ivfsoverlay -Xcc /Users/ethanzhang/Library/Developer/Xcode/DerivedData/Lumo-dtanwbtidvymrfcnqjacqjqbrhak/Build/Intermediates.noindex/Lumo.build/Debug-iphonesimulator/Lumo-68368ce3e92784c920e404bc4850370a-VFS-iphonesimulator/all-product-headers.yaml -Xcc -iquote -Xcc /Users/ethanzhang/Library/Developer/Xcode/DerivedData/Lumo-dtanwbtidvymrfcnqjacqjqbrhak/Build/Intermediates.noindex/Lumo.build/Debug-iphonesimulator/Lumo.build/Lumo-project-headers.hmap -Xcc -I/Users/ethanzhang/Library/Developer/Xcode/DerivedData/Lumo-dtanwbtidvymrfcnqjacqjqbrhak/Build/Products/Debug-iphonesimulator/include -Xcc -I/Users/ethanzhang/Library/Developer/Xcode/DerivedData/Lumo-dtanwbtidvymrfcnqjacqjqbrhak/Build/Intermediates.noindex/Lumo.build/Debug-iphonesimulator/Lumo.build/DerivedSources-normal/arm64 -Xcc -I/Users/ethanzhang/Library/Developer/Xcode/DerivedData/Lumo-dtanwbtidvymrfcnqjacqjqbrhak/Build/Intermediates.noindex/Lumo.build/Debug-iphonesimulator/Lumo.build/DerivedSources/arm64 -Xcc -I/Users/ethanzhang/Library/Developer/Xcode/DerivedData/Lumo-dtanwbtidvymrfcnqjacqjqbrhak/Build/Intermediates.noindex/Lumo.build/Debug-iphonesimulator/Lumo.build/DerivedSources -Xcc -DDEBUG\=1 -module-name Lumo -frontend-parseable-output -disable-clang-spi -target-sdk-version 18.5 -target-sdk-name iphonesimulator18.5 -external-plugin-path /Applications/Xcode.app/Contents/Developer/Platforms/iPhoneOS.platform/Developer/usr/lib/swift/host/plugins\#/Applications/Xcode.app/Contents/Developer/Platforms/iPhoneOS.platform/Developer/usr/bin/swift-plugin-server -external-plugin-path /Applications/Xcode.app/Contents/Developer/Platforms/iPhoneOS.platform/Developer/usr/local/lib/swift/host/plugins\#/Applications/Xcode.app/Contents/Developer/Platforms/iPhoneOS.platform/Developer/usr/bin/swift-plugin-server -in-process-plugin-server-path /Applications/Xcode.app/Contents/Developer/Toolchains/XcodeDefault.xctoolchain/usr/lib/swift/host/libSwiftInProcPluginServer.dylib -plugin-path /Applications/Xcode.app/Contents/Developer/Toolchains/XcodeDefault.xctoolchain/usr/lib/swift/host/plugins -plugin-path /Applications/Xcode.app/Contents/Developer/Toolchains/XcodeDefault.xctoolchain/usr/local/lib/swift/host/plugins -o /Users/ethanzhang/Library/Developer/Xcode/DerivedData/Lumo-dtanwbtidvymrfcnqjacqjqbrhak/Build/Intermediates.noindex/Lumo.build/Debug-iphonesimulator/Lumo.build/Objects-normal/arm64/TabView.o -o /Users/ethanzhang/Library/Developer/Xcode/DerivedData/Lumo-dtanwbtidvymrfcnqjacqjqbrhak/Build/Intermediates.noindex/Lumo.build/Debug-iphonesimulator/Lumo.build/Objects-normal/arm64/ApiKeyManager.o -o /Users/ethanzhang/Library/Developer/Xcode/DerivedData/Lumo-dtanwbtidvymrfcnqjacqjqbrhak/Build/Intermediates.noindex/Lumo.build/Debug-iphonesimulator/Lumo.build/Objects-normal/arm64/GroceryItems.o -o /Users/ethanzhang/Library/Developer/Xcode/DerivedData/Lumo-dtanwbtidvymrfcnqjacqjqbrhak/Build/Intermediates.noindex/Lumo.build/Debug-iphonesimulator/Lumo.build/Objects-normal/arm64/StoreSelection.o -index-unit-output-path /Lumo.build/Debug-iphonesimulator/Lumo.build/Objects-normal/arm64/TabView.o -index-unit-output-path /Lumo.build/Debug-iphonesimulator/Lumo.build/Objects-normal/arm64/ApiKeyManager.o -index-unit-output-path /Lumo.build/Debug-iphonesimulator/Lumo.build/Objects-normal/arm64/GroceryItems.o -index-unit-output-path /Lumo.build/Debug-iphonesimulator/Lumo.build/Objects-normal/arm64/StoreSelection.o -index-store-path /Users/ethanzhang/Library/Developer/Xcode/DerivedData/Lumo-dtanwbtidvymrfcnqjacqjqbrhak/Index.noindex/DataStore -index-system-modules

SwiftCompile normal arm64 /Users/ethanzhang/Desktop/lumo/Lumo/TabView.swift (in target 'Lumo' from project 'Lumo')
    cd /Users/ethanzhang/Desktop/lumo
    
/Users/ethanzhang/Desktop/lumo/Lumo/MealPlanningView.swift:17:45: error: cannot find type 'Meal' in scope
    @State private var showingMealToDelete: Meal?
                                            ^~~~
/Users/ethanzhang/Desktop/lumo/Lumo/MealPlanningView.swift:20:36: error: cannot find type 'Meal' in scope
    @State private var mealToEdit: Meal?
                                   ^~~~

SwiftCompile normal arm64 /Users/ethanzhang/Desktop/lumo/Lumo/ApiKeyManager.swift (in target 'Lumo' from project 'Lumo')
    cd /Users/ethanzhang/Desktop/lumo
    
/Users/ethanzhang/Desktop/lumo/Lumo/MealPlanningView.swift:17:45: error: cannot find type 'Meal' in scope
    @State private var showingMealToDelete: Meal?
                                            ^~~~
/Users/ethanzhang/Desktop/lumo/Lumo/MealPlanningView.swift:20:36: error: cannot find type 'Meal' in scope
    @State private var mealToEdit: Meal?
                                   ^~~~

SwiftCompile normal arm64 /Users/ethanzhang/Desktop/lumo/Lumo/GroceryItems.swift (in target 'Lumo' from project 'Lumo')
    cd /Users/ethanzhang/Desktop/lumo
    
/Users/ethanzhang/Desktop/lumo/Lumo/GroceryItems.swift:35:9: warning: immutable property will not be decoded because it is declared with an initial value which cannot be overwritten
    let id = UUID()
        ^
/Users/ethanzhang/Desktop/lumo/Lumo/GroceryItems.swift:35:9: note: set the initial value via the initializer or explicitly define a CodingKeys enum including a 'id' case to silence this warning
    let id = UUID()
        ^
/Users/ethanzhang/Desktop/lumo/Lumo/GroceryItems.swift:35:9: note: make the property mutable instead
    let id = UUID()
    ~~~ ^
    var
/Users/ethanzhang/Desktop/lumo/Lumo/GroceryItems.swift:52:9: warning: immutable property will not be decoded because it is declared with an initial value which cannot be overwritten
    let id = UUID()
        ^
/Users/ethanzhang/Desktop/lumo/Lumo/GroceryItems.swift:52:9: note: set the initial value via the initializer or explicitly define a CodingKeys enum including a 'id' case to silence this warning
    let id = UUID()
        ^
/Users/ethanzhang/Desktop/lumo/Lumo/GroceryItems.swift:52:9: note: make the property mutable instead
    let id = UUID()
    ~~~ ^
    var
/Users/ethanzhang/Desktop/lumo/Lumo/GroceryItems.swift:71:9: warning: immutable property will not be decoded because it is declared with an initial value which cannot be overwritten
    let id = UUID()
        ^
/Users/ethanzhang/Desktop/lumo/Lumo/GroceryItems.swift:71:9: note: set the initial value via the initializer or explicitly define a CodingKeys enum including a 'id' case to silence this warning
    let id = UUID()
        ^
/Users/ethanzhang/Desktop/lumo/Lumo/GroceryItems.swift:71:9: note: make the property mutable instead
    let id = UUID()
    ~~~ ^
    var
/Users/ethanzhang/Desktop/lumo/Lumo/GroceryItems.swift:89:9: warning: immutable property will not be decoded because it is declared with an initial value which cannot be overwritten
    let id = UUID()
        ^
/Users/ethanzhang/Desktop/lumo/Lumo/GroceryItems.swift:89:9: note: set the initial value via the initializer or explicitly define a CodingKeys enum including a 'id' case to silence this warning
    let id = UUID()
        ^
/Users/ethanzhang/Desktop/lumo/Lumo/GroceryItems.swift:89:9: note: make the property mutable instead
    let id = UUID()
    ~~~ ^
    var
/Users/ethanzhang/Desktop/lumo/Lumo/GroceryItems.swift:107:9: warning: immutable property will not be decoded because it is declared with an initial value which cannot be overwritten
    let id = UUID()
        ^
/Users/ethanzhang/Desktop/lumo/Lumo/GroceryItems.swift:107:9: note: set the initial value via the initializer or explicitly define a CodingKeys enum including a 'id' case to silence this warning
    let id = UUID()
        ^
/Users/ethanzhang/Desktop/lumo/Lumo/GroceryItems.swift:107:9: note: make the property mutable instead
    let id = UUID()
    ~~~ ^
    var
/Users/ethanzhang/Desktop/lumo/Lumo/GroceryItems.swift:134:9: warning: immutable property will not be decoded because it is declared with an initial value which cannot be overwritten
    let id = UUID()
        ^
/Users/ethanzhang/Desktop/lumo/Lumo/GroceryItems.swift:134:9: note: set the initial value via the initializer or explicitly define a CodingKeys enum including a 'id' case to silence this warning
    let id = UUID()
        ^
/Users/ethanzhang/Desktop/lumo/Lumo/GroceryItems.swift:134:9: note: make the property mutable instead
    let id = UUID()
    ~~~ ^
    var
/Users/ethanzhang/Desktop/lumo/Lumo/MealPlanningView.swift:17:45: error: cannot find type 'Meal' in scope
    @State private var showingMealToDelete: Meal?
                                            ^~~~
/Users/ethanzhang/Desktop/lumo/Lumo/MealPlanningView.swift:20:36: error: cannot find type 'Meal' in scope
    @State private var mealToEdit: Meal?
                                   ^~~~

SwiftCompile normal arm64 /Users/ethanzhang/Desktop/lumo/Lumo/StoreSelection.swift (in target 'Lumo' from project 'Lumo')
    cd /Users/ethanzhang/Desktop/lumo
    
/Users/ethanzhang/Desktop/lumo/Lumo/MealPlanningView.swift:17:45: error: cannot find type 'Meal' in scope
    @State private var showingMealToDelete: Meal?
                                            ^~~~
/Users/ethanzhang/Desktop/lumo/Lumo/MealPlanningView.swift:20:36: error: cannot find type 'Meal' in scope
    @State private var mealToEdit: Meal?
                                   ^~~~

SwiftCompile normal arm64 Compiling\ RecipeDatabase.swift,\ TemplateViews.swift,\ AutoFillView.swift,\ SmartMealPlanGenerator.swift /Users/ethanzhang/Desktop/lumo/Lumo/RecipeDatabase.swift /Users/ethanzhang/Desktop/lumo/Lumo/TemplateViews.swift /Users/ethanzhang/Desktop/lumo/Lumo/AutoFillView.swift /Users/ethanzhang/Desktop/lumo/Lumo/SmartMealPlanGenerator.swift (in target 'Lumo' from project 'Lumo')

SwiftCompile normal arm64 /Users/ethanzhang/Desktop/lumo/Lumo/RecipeDatabase.swift (in target 'Lumo' from project 'Lumo')
    cd /Users/ethanzhang/Desktop/lumo
    

SwiftCompile normal arm64 /Users/ethanzhang/Desktop/lumo/Lumo/TemplateViews.swift (in target 'Lumo' from project 'Lumo')
    cd /Users/ethanzhang/Desktop/lumo
    

SwiftCompile normal arm64 /Users/ethanzhang/Desktop/lumo/Lumo/AutoFillView.swift (in target 'Lumo' from project 'Lumo')
    cd /Users/ethanzhang/Desktop/lumo
    

SwiftCompile normal arm64 /Users/ethanzhang/Desktop/lumo/Lumo/SmartMealPlanGenerator.swift (in target 'Lumo' from project 'Lumo')
    cd /Users/ethanzhang/Desktop/lumo
    

SwiftEmitModule normal arm64 Emitting\ module\ for\ Lumo (in target 'Lumo' from project 'Lumo')

EmitSwiftModule normal arm64 (in target 'Lumo' from project 'Lumo')
    cd /Users/ethanzhang/Desktop/lumo
    

SwiftCompile normal arm64 Compiling\ MealPlanManager.swift,\ AuthViewModel.swift,\ ProfileView.swift,\ DealsView.swift /Users/ethanzhang/Desktop/lumo/Lumo/MealPlanManager.swift /Users/ethanzhang/Desktop/lumo/Lumo/AuthViewModel.swift /Users/ethanzhang/Desktop/lumo/Lumo/ProfileView.swift /Users/ethanzhang/Desktop/lumo/Lumo/DealsView.swift (in target 'Lumo' from project 'Lumo')

SwiftCompile normal arm64 /Users/ethanzhang/Desktop/lumo/Lumo/MealPlanManager.swift (in target 'Lumo' from project 'Lumo')
    cd /Users/ethanzhang/Desktop/lumo
    

SwiftCompile normal arm64 /Users/ethanzhang/Desktop/lumo/Lumo/AuthViewModel.swift (in target 'Lumo' from project 'Lumo')
    cd /Users/ethanzhang/Desktop/lumo
    

SwiftCompile normal arm64 /Users/ethanzhang/Desktop/lumo/Lumo/ProfileView.swift (in target 'Lumo' from project 'Lumo')
    cd /Users/ethanzhang/Desktop/lumo
    

SwiftCompile normal arm64 /Users/ethanzhang/Desktop/lumo/Lumo/DealsView.swift (in target 'Lumo' from project 'Lumo')
    cd /Users/ethanzhang/Desktop/lumo
    

SwiftCompile normal arm64 Compiling\ DealFiltersView.swift,\ DealDetailView.swift,\ CouponDetailView.swift,\ SharedListManager.swift /Users/ethanzhang/Desktop/lumo/Lumo/DealFiltersView.swift /Users/ethanzhang/Desktop/lumo/Lumo/DealDetailView.swift /Users/ethanzhang/Desktop/lumo/Lumo/CouponDetailView.swift /Users/ethanzhang/Desktop/lumo/Lumo/SharedListManager.swift (in target 'Lumo' from project 'Lumo')

SwiftCompile normal arm64 /Users/ethanzhang/Desktop/lumo/Lumo/DealFiltersView.swift (in target 'Lumo' from project 'Lumo')
    cd /Users/ethanzhang/Desktop/lumo
    

SwiftCompile normal arm64 /Users/ethanzhang/Desktop/lumo/Lumo/DealDetailView.swift (in target 'Lumo' from project 'Lumo')
    cd /Users/ethanzhang/Desktop/lumo
    

SwiftCompile normal arm64 /Users/ethanzhang/Desktop/lumo/Lumo/CouponDetailView.swift (in target 'Lumo' from project 'Lumo')
    cd /Users/ethanzhang/Desktop/lumo
    

SwiftCompile normal arm64 /Users/ethanzhang/Desktop/lumo/Lumo/SharedListManager.swift (in target 'Lumo' from project 'Lumo')
    cd /Users/ethanzhang/Desktop/lumo
    

SwiftCompile normal arm64 Compiling\ RouteOptimizationManager.swift,\ StoreMapView.swift,\ TurnByTurnNavigationView.swift,\ GeneratedAssetSymbols.swift /Users/ethanzhang/Desktop/lumo/Lumo/RouteOptimizationManager.swift /Users/ethanzhang/Desktop/lumo/Lumo/StoreMapView.swift /Users/ethanzhang/Desktop/lumo/Lumo/TurnByTurnNavigationView.swift /Users/ethanzhang/Library/Developer/Xcode/DerivedData/Lumo-dtanwbtidvymrfcnqjacqjqbrhak/Build/Intermediates.noindex/Lumo.build/Debug-iphonesimulator/Lumo.build/DerivedSources/GeneratedAssetSymbols.swift (in target 'Lumo' from project 'Lumo')

SwiftCompile normal arm64 /Users/ethanzhang/Desktop/lumo/Lumo/RouteOptimizationManager.swift (in target 'Lumo' from project 'Lumo')
    cd /Users/ethanzhang/Desktop/lumo
    

SwiftCompile normal arm64 /Users/ethanzhang/Desktop/lumo/Lumo/StoreMapView.swift (in target 'Lumo' from project 'Lumo')
    cd /Users/ethanzhang/Desktop/lumo
    

SwiftCompile normal arm64 /Users/ethanzhang/Desktop/lumo/Lumo/TurnByTurnNavigationView.swift (in target 'Lumo' from project 'Lumo')
    cd /Users/ethanzhang/Desktop/lumo
    

SwiftCompile normal arm64 /Users/ethanzhang/Library/Developer/Xcode/DerivedData/Lumo-dtanwbtidvymrfcnqjacqjqbrhak/Build/Intermediates.noindex/Lumo.build/Debug-iphonesimulator/Lumo.build/DerivedSources/GeneratedAssetSymbols.swift (in target 'Lumo' from project 'Lumo')
    cd /Users/ethanzhang/Desktop/lumo
    

SwiftCompile normal arm64 Compiling\ SpoonacularService.swift,\ OnboardingView.swift,\ SpoonacularRecipeView.swift,\ PantryManager.swift /Users/ethanzhang/Desktop/lumo/Lumo/SpoonacularService.swift /Users/ethanzhang/Desktop/lumo/Lumo/OnboardingView.swift /Users/ethanzhang/Desktop/lumo/Lumo/SpoonacularRecipeView.swift /Users/ethanzhang/Desktop/lumo/Lumo/PantryManager.swift (in target 'Lumo' from project 'Lumo')

SwiftCompile normal arm64 /Users/ethanzhang/Desktop/lumo/Lumo/SpoonacularService.swift (in target 'Lumo' from project 'Lumo')
    cd /Users/ethanzhang/Desktop/lumo
    

SwiftCompile normal arm64 /Users/ethanzhang/Desktop/lumo/Lumo/OnboardingView.swift (in target 'Lumo' from project 'Lumo')
    cd /Users/ethanzhang/Desktop/lumo
    

SwiftCompile normal arm64 /Users/ethanzhang/Desktop/lumo/Lumo/SpoonacularRecipeView.swift (in target 'Lumo' from project 'Lumo')
    cd /Users/ethanzhang/Desktop/lumo
    

SwiftCompile normal arm64 /Users/ethanzhang/Desktop/lumo/Lumo/PantryManager.swift (in target 'Lumo' from project 'Lumo')
    cd /Users/ethanzhang/Desktop/lumo
    

SwiftCompile normal arm64 Compiling\ DietaryGoalsView.swift,\ AddMealView.swift,\ NutritionAnalysisView.swift,\ GeneratedGroceryListView.swift /Users/ethanzhang/Desktop/lumo/Lumo/DietaryGoalsView.swift /Users/ethanzhang/Desktop/lumo/Lumo/AddMealView.swift /Users/ethanzhang/Desktop/lumo/Lumo/NutritionAnalysisView.swift /Users/ethanzhang/Desktop/lumo/Lumo/GeneratedGroceryListView.swift (in target 'Lumo' from project 'Lumo')

SwiftCompile normal arm64 /Users/ethanzhang/Desktop/lumo/Lumo/DietaryGoalsView.swift (in target 'Lumo' from project 'Lumo')
    cd /Users/ethanzhang/Desktop/lumo
    

SwiftCompile normal arm64 /Users/ethanzhang/Desktop/lumo/Lumo/AddMealView.swift (in target 'Lumo' from project 'Lumo')
    cd /Users/ethanzhang/Desktop/lumo
    

SwiftCompile normal arm64 /Users/ethanzhang/Desktop/lumo/Lumo/NutritionAnalysisView.swift (in target 'Lumo' from project 'Lumo')
    cd /Users/ethanzhang/Desktop/lumo
    

SwiftCompile normal arm64 /Users/ethanzhang/Desktop/lumo/Lumo/GeneratedGroceryListView.swift (in target 'Lumo' from project 'Lumo')
    cd /Users/ethanzhang/Desktop/lumo
    

SwiftCompile normal arm64 Compiling\ BudgetManager.swift,\ CategoryFilterButton.swift,\ SmartSubstitutionsView.swift,\ ChatbotView.swift /Users/ethanzhang/Desktop/lumo/Lumo/BudgetManager.swift /Users/ethanzhang/Desktop/lumo/Lumo/CategoryFilterButton.swift /Users/ethanzhang/Desktop/lumo/Lumo/SmartSubstitutionsView.swift /Users/ethanzhang/Desktop/lumo/Lumo/ChatbotView.swift (in target 'Lumo' from project 'Lumo')

